2022-09-01 08:51:55,487 INFO org.springframework.boot.StartupInfoLogger [main] Starting SummitBootcampApplication using Java 11.0.16 on lnb036044spo with PID 1447926 (/home/jnakabar/MyMusic/BOOT-814/myMusic-CheckerLovers/MyMusic/target/classes started by CIANDT\jnakabar in /home/jnakabar/MyMusic/BOOT-814/myMusic-CheckerLovers/MyMusic)
2022-09-01 08:51:55,490 INFO org.springframework.boot.SpringApplication [main] No active profile set, falling back to default profiles: default
2022-09-01 08:51:56,265 INFO org.springframework.data.repository.config.RepositoryConfigurationDelegate [main] Bootstrapping Spring Data JPA repositories in DEFAULT mode.
2022-09-01 08:51:56,299 INFO org.springframework.data.repository.config.RepositoryConfigurationDelegate [main] Finished Spring Data repository scanning in 28 ms. Found 2 JPA repository interfaces.
2022-09-01 08:51:56,418 INFO org.springframework.cloud.context.scope.GenericScope [main] BeanFactory id=ce1db078-40d2-31d7-a5db-cd2026ccfd80
2022-09-01 08:51:56,684 INFO org.springframework.boot.web.embedded.tomcat.TomcatWebServer [main] Tomcat initialized with port(s): 8081 (http)
2022-09-01 08:51:56,691 INFO org.apache.juli.logging.DirectJDKLog [main] Initializing ProtocolHandler ["http-nio-8081"]
2022-09-01 08:51:56,692 INFO org.apache.juli.logging.DirectJDKLog [main] Starting service [Tomcat]
2022-09-01 08:51:56,692 INFO org.apache.juli.logging.DirectJDKLog [main] Starting Servlet engine: [Apache Tomcat/9.0.56]
2022-09-01 08:51:56,756 INFO org.apache.juli.logging.DirectJDKLog [main] Initializing Spring embedded WebApplicationContext
2022-09-01 08:51:56,756 INFO org.springframework.boot.web.servlet.context.ServletWebServerApplicationContext [main] Root WebApplicationContext: initialization completed in 1226 ms
2022-09-01 08:51:56,962 INFO org.hibernate.jpa.internal.util.LogHelper [main] HHH000204: Processing PersistenceUnitInfo [name: default]
2022-09-01 08:51:56,996 INFO org.hibernate.Version [main] HHH000412: Hibernate ORM core version 5.6.4.Final
2022-09-01 08:51:57,106 INFO org.hibernate.annotations.common.reflection.java.JavaReflectionManager [main] HCANN000001: Hibernate Commons Annotations {5.1.2.Final}
2022-09-01 08:51:57,154 INFO org.hibernate.dialect.Dialect [main] HHH000400: Using dialect: org.hibernate.dialect.SQLiteDialect
2022-09-01 08:51:57,643 INFO org.hibernate.engine.transaction.jta.platform.internal.JtaPlatformInitiator [main] HHH000490: Using JtaPlatform implementation: [org.hibernate.engine.transaction.jta.platform.internal.NoJtaPlatform]
2022-09-01 08:51:57,651 INFO org.springframework.orm.jpa.AbstractEntityManagerFactoryBean [main] Initialized JPA EntityManagerFactory for persistence unit 'default'
2022-09-01 08:51:58,099 WARN org.springframework.boot.autoconfigure.orm.jpa.JpaBaseConfiguration$JpaWebConfiguration [main] spring.jpa.open-in-view is enabled by default. Therefore, database queries may be performed during view rendering. Explicitly configure spring.jpa.open-in-view to disable this warning
2022-09-01 08:51:58,456 INFO org.springframework.boot.actuate.endpoint.web.EndpointLinksResolver [main] Exposing 1 endpoint(s) beneath base path '/actuator'
2022-09-01 08:51:58,876 INFO org.apache.juli.logging.DirectJDKLog [main] Starting ProtocolHandler ["http-nio-8081"]
2022-09-01 08:51:58,889 INFO org.springframework.boot.web.embedded.tomcat.TomcatWebServer [main] Tomcat started on port(s): 8081 (http) with context path ''
2022-09-01 08:51:59,264 INFO org.springframework.boot.StartupInfoLogger [main] Started SummitBootcampApplication in 4.265 seconds (JVM running for 4.729)
2022-09-01 08:54:48,742 INFO org.apache.juli.logging.DirectJDKLog [http-nio-8081-exec-1] Initializing Spring DispatcherServlet 'dispatcherServlet'
2022-09-01 08:54:48,742 INFO org.springframework.web.servlet.FrameworkServlet [http-nio-8081-exec-1] Initializing Servlet 'dispatcherServlet'
2022-09-01 08:54:48,744 INFO org.springframework.web.servlet.FrameworkServlet [http-nio-8081-exec-1] Completed initialization in 1 ms
2022-09-01 08:54:48,822 INFO com.ciandt.summit.bootcamp2022.application.adapters.controllers.SongsController [http-nio-8081-exec-1] Recebendo Request Get para /musicas
2022-09-01 08:54:56,273 INFO com.ciandt.summit.bootcamp2022.application.adapters.controllers.SongsController [http-nio-8081-exec-3] Recebendo Request Get para /musicas
2022-09-01 08:54:56,292 ERROR com.ciandt.summit.bootcamp2022.domains.songs.adapters.services.SongServiceImp [http-nio-8081-exec-3] Recebe o erro No songs were found
2022-09-01 08:54:56,294 ERROR com.ciandt.summit.bootcamp2022.application.adapters.controllers.handlers.ErroHandler [http-nio-8081-exec-3] No songs were found.
2022-09-01 08:54:59,413 ERROR com.ciandt.summit.bootcamp2022.application.adapters.controllers.handlers.ErroHandler [http-nio-8081-exec-4] [500] during [POST] to [http://localhost:8080/api/v1/token/authorizer] [TokenProvider#createTokenAuthorizer(CreateAuthorizerDTO)]: [{"timestamp":"2022-09-01T11:54:59.397+00:00","status":500,"error":"Internal Server Error","path":"/api/v1/token/authorizer"}]
2022-09-01 08:55:03,400 ERROR com.ciandt.summit.bootcamp2022.application.adapters.controllers.handlers.ErroHandler [http-nio-8081-exec-6] Auth headers not found: user or token are blank or null
2022-09-01 08:55:06,633 INFO com.ciandt.summit.bootcamp2022.application.adapters.controllers.SongsController [http-nio-8081-exec-8] Recebendo Request Get para /musicas
2022-09-01 08:55:06,633 ERROR com.ciandt.summit.bootcamp2022.domains.songs.adapters.services.SongServiceImp [http-nio-8081-exec-8] Recebe o erro Filter must be at least 2 characters long
2022-09-01 08:55:06,634 ERROR com.ciandt.summit.bootcamp2022.application.adapters.controllers.handlers.ErroHandler [http-nio-8081-exec-8] Filter must be at least 2 characters long.
