2022-08-24 09:35:56,976 ERROR com.ciandt.summit.bootcamp2022.application.adapters.controllers.MusicController [main] teste
2022-08-24 09:41:57,055 INFO org.springframework.boot.StartupInfoLogger [main] Starting SummitBootcampApplication using Java 11.0.16 on lnb036044spo with PID 557901 (/home/jnakabar/MyMusic/BOOT-814/myMusic-CheckerLovers/MyMusic/target/classes started by CIANDT\jnakabar in /home/jnakabar/MyMusic/BOOT-814/myMusic-CheckerLovers)
2022-08-24 09:41:57,058 INFO org.springframework.boot.SpringApplication [main] No active profile set, falling back to default profiles: default
2022-08-24 09:41:57,680 INFO org.springframework.data.repository.config.RepositoryConfigurationDelegate [main] Bootstrapping Spring Data JPA repositories in DEFAULT mode.
2022-08-24 09:41:57,713 INFO org.springframework.data.repository.config.RepositoryConfigurationDelegate [main] Finished Spring Data repository scanning in 26 ms. Found 1 JPA repository interfaces.
2022-08-24 09:41:58,064 INFO org.springframework.boot.web.embedded.tomcat.TomcatWebServer [main] Tomcat initialized with port(s): 8080 (http)
2022-08-24 09:41:58,072 INFO org.apache.juli.logging.DirectJDKLog [main] Initializing ProtocolHandler ["http-nio-8080"]
2022-08-24 09:41:58,073 INFO org.apache.juli.logging.DirectJDKLog [main] Starting service [Tomcat]
2022-08-24 09:41:58,073 INFO org.apache.juli.logging.DirectJDKLog [main] Starting Servlet engine: [Apache Tomcat/9.0.56]
2022-08-24 09:41:58,123 INFO org.apache.juli.logging.DirectJDKLog [main] Initializing Spring embedded WebApplicationContext
2022-08-24 09:41:58,123 INFO org.springframework.boot.web.servlet.context.ServletWebServerApplicationContext [main] Root WebApplicationContext: initialization completed in 1025 ms
2022-08-24 09:41:58,322 INFO org.hibernate.jpa.internal.util.LogHelper [main] HHH000204: Processing PersistenceUnitInfo [name: default]
2022-08-24 09:41:58,351 INFO org.hibernate.Version [main] HHH000412: Hibernate ORM core version 5.6.4.Final
2022-08-24 09:41:58,467 INFO org.hibernate.annotations.common.reflection.java.JavaReflectionManager [main] HCANN000001: Hibernate Commons Annotations {5.1.2.Final}
2022-08-24 09:41:58,509 INFO org.hibernate.dialect.Dialect [main] HHH000400: Using dialect: org.hibernate.dialect.SQLiteDialect
2022-08-24 09:41:58,890 INFO org.hibernate.engine.transaction.jta.platform.internal.JtaPlatformInitiator [main] HHH000490: Using JtaPlatform implementation: [org.hibernate.engine.transaction.jta.platform.internal.NoJtaPlatform]
2022-08-24 09:41:58,895 INFO org.springframework.orm.jpa.AbstractEntityManagerFactoryBean [main] Initialized JPA EntityManagerFactory for persistence unit 'default'
2022-08-24 09:41:59,164 WARN org.springframework.boot.autoconfigure.orm.jpa.JpaBaseConfiguration$JpaWebConfiguration [main] spring.jpa.open-in-view is enabled by default. Therefore, database queries may be performed during view rendering. Explicitly configure spring.jpa.open-in-view to disable this warning
2022-08-24 09:41:59,432 INFO org.springframework.boot.actuate.endpoint.web.EndpointLinksResolver [main] Exposing 1 endpoint(s) beneath base path '/actuator'
2022-08-24 09:41:59,463 INFO org.apache.juli.logging.DirectJDKLog [main] Starting ProtocolHandler ["http-nio-8080"]
2022-08-24 09:41:59,483 INFO org.springframework.boot.web.embedded.tomcat.TomcatWebServer [main] Tomcat started on port(s): 8080 (http) with context path ''
2022-08-24 09:41:59,508 INFO org.springframework.boot.StartupInfoLogger [main] Started SummitBootcampApplication in 2.758 seconds (JVM running for 3.119)
